\BOOKMARK [0][-]{section*.1}{\376\377\000D\000e\000c\000l\000a\000r\000a\000t\000i\000o\000n\000\040\000o\000f\000\040\000A\000u\000t\000h\000o\000r\000s\000h\000i\000p}{}% 1
\BOOKMARK [0][-]{section*.2}{\376\377\000A\000b\000s\000t\000r\000a\000c\000t}{}% 2
\BOOKMARK [0][-]{section*.3}{\376\377\000A\000c\000k\000n\000o\000w\000l\000e\000d\000g\000e\000m\000e\000n\000t\000s}{}% 3
\BOOKMARK [0][-]{chapter.9}{\376\377\000I\000n\000t\000r\000o\000d\000u\000c\000t\000i\000o\000n}{}% 4
\BOOKMARK [1][-]{section.10}{\376\377\000B\000i\000o\000d\000i\000v\000e\000r\000s\000i\000t\000y\000\040\000l\000o\000s\000s}{chapter.9}% 5
\BOOKMARK [1][-]{section.11}{\376\377\000D\000i\000f\000f\000i\000c\000u\000l\000t\000i\000e\000s\000\040\000o\000f\000\040\000m\000e\000a\000s\000u\000r\000i\000n\000g\000\040\000b\000i\000o\000d\000i\000v\000e\000r\000s\000i\000t\000y\000\040\000a\000n\000d\000\040\000i\000t\000s\000\040\000l\000o\000s\000s}{chapter.9}% 6
\BOOKMARK [1][-]{section.12}{\376\377\000P\000a\000s\000s\000i\000v\000e\000\040\000a\000u\000d\000i\000o\000\040\000m\000o\000n\000i\000t\000o\000r\000i\000n\000g\000\040\000a\000n\000d\000\040\000i\000t\000s\000\040\000a\000d\000v\000a\000n\000t\000a\000g\000e\000s}{chapter.9}% 7
\BOOKMARK [1][-]{section.13}{\376\377\000A\000n\000a\000l\000y\000s\000i\000s\000\040\000o\000f\000\040\000a\000u\000d\000i\000o\000\040\000d\000a\000t\000a}{chapter.9}% 8
\BOOKMARK [1][-]{section.15}{\376\377\000M\000a\000c\000h\000i\000n\000e\000\040\000l\000e\000a\000r\000n\000i\000n\000g}{chapter.9}% 9
\BOOKMARK [1][-]{section.16}{\376\377\000C\000o\000s\000t\000a\000\040\000R\000i\000c\000a\000\040\000a\000n\000d\000\040\000c\000o\000n\000s\000e\000r\000v\000a\000t\000i\000o\000n}{chapter.9}% 10
\BOOKMARK [1][-]{section.17}{\376\377\000A\000i\000m\000s}{chapter.9}% 11
\BOOKMARK [0][-]{chapter.21}{\376\377\000M\000e\000t\000h\000o\000d\000s}{}% 12
\BOOKMARK [1][-]{section.22}{\376\377\000D\000a\000t\000a\000\040\000c\000o\000l\000l\000e\000c\000t\000i\000o\000n\000\040\000a\000n\000d\000\040\000p\000r\000e\000p\000r\000o\000c\000e\000s\000s\000i\000n\000g}{chapter.21}% 13
\BOOKMARK [2][-]{subsection.23}{\376\377\000S\000t\000u\000d\000y\000\040\000s\000i\000t\000e}{section.22}% 14
\BOOKMARK [2][-]{subsection.25}{\376\377\000S\000a\000m\000p\000l\000i\000n\000g}{section.22}% 15
\BOOKMARK [2][-]{subsection.26}{\376\377\000R\000e\000c\000o\000r\000d\000i\000n\000g}{section.22}% 16
\BOOKMARK [2][-]{subsection.27}{\376\377\000S\000u\000b\000s\000e\000t\000t\000i\000n\000g}{section.22}% 17
\BOOKMARK [2][-]{subsection.28}{\376\377\000T\000r\000a\000i\000n\000i\000n\000g\000\040\000d\000a\000t\000a}{section.22}% 18
\BOOKMARK [1][-]{section.29}{\376\377\000M\000a\000c\000h\000i\000n\000e\000\040\000l\000e\000a\000r\000n\000i\000n\000g}{chapter.21}% 19
\BOOKMARK [2][-]{subsection.30}{\376\377\000C\000o\000n\000v\000o\000l\000u\000t\000i\000o\000n\000a\000l\000\040\000N\000e\000u\000r\000a\000l\000\040\000N\000e\000t\000w\000o\000r\000k}{section.29}% 20
\BOOKMARK [2][-]{subsection.31}{\376\377\000T\000r\000a\000i\000n\000i\000n\000g\000\040\000t\000h\000e\000\040\000m\000o\000d\000e\000l}{section.29}% 21
\BOOKMARK [0][-]{chapter.32}{\376\377\000R\000e\000s\000u\000l\000t\000s}{}% 22
\BOOKMARK [1][-]{section.33}{\376\377\000M\000o\000d\000e\000l\000\040\000c\000o\000m\000p\000a\000r\000i\000s\000o\000n}{chapter.32}% 23
\BOOKMARK [1][-]{section.34}{\376\377\000S\000p\000a\000t\000i\000o\000-\000t\000e\000m\000p\000o\000r\000a\000l\000\040\000a\000n\000a\000l\000y\000s\000i\000s}{chapter.32}% 24
\BOOKMARK [0][-]{chapter.39}{\376\377\000D\000i\000s\000c\000u\000s\000s\000i\000o\000n}{}% 25
\BOOKMARK [1][-]{subsection.40}{\376\377\000M\000a\000c\000h\000i\000n\000e\000\040\000l\000e\000a\000r\000n\000i\000n\000g\000\040\000a\000n\000d\000\040\000i\000t\000s\000\040\000e\000f\000f\000e\000c\000t\000i\000v\000e\000n\000e\000s\000s}{chapter.39}% 26
\BOOKMARK [2][-]{subsection.41}{\376\377\000S\000p\000a\000t\000i\000o\000-\000t\000e\000m\000p\000o\000r\000a\000l\000\040\000h\000u\000n\000t\000i\000n\000g\000\040\000p\000a\000t\000t\000e\000r\000n\000s\000\040\000o\000n\000\040\000t\000h\000e\000\040\000O\000s\000a\000\040\000P\000e\000n\000i\000n\000s\000u\000l\000a}{subsection.40}% 27
\BOOKMARK [2][-]{subsection.42}{\376\377\000C\000o\000n\000c\000l\000u\000s\000i\000o\000n}{subsection.40}% 28
\BOOKMARK [0][-]{appendix*.43}{\376\377\000B\000i\000b\000l\000i\000o\000g\000r\000a\000p\000h\000y}{}% 29
